<?xml version="1.0" encoding="UTF-8"?>
<!-- Generated by org.testng.reporters.JUnitReportReporter -->
<testsuite hostname="dans-asus" failures="0" tests="1" name="demowebshoptestcases.DigitalDownloads_TestCase01" time="4.702" errors="0" timestamp="2024-06-06T15:00:30 IST" skipped="0">
  <testcase classname="demowebshoptestcases.DigitalDownloads_TestCase01" name="testCase01" time="4.702"/>
  <system-out/>
</testsuite> <!-- demowebshoptestcases.DigitalDownloads_TestCase01 -->
