<?xml version="1.0" encoding="UTF-8"?>
<!-- Generated by org.testng.reporters.JUnitReportReporter -->
<testsuite hostname="dans-asus" failures="0" tests="1" name="assertion_pack.SoftAssert_Example" time="10.541" errors="0" timestamp="2024-06-07T14:50:11 IST" skipped="0">
  <testcase classname="assertion_pack.SoftAssert_Example" name="testCase" time="10.541"/>
  <system-out/>
</testsuite> <!-- assertion_pack.SoftAssert_Example -->
