<?xml version="1.0" encoding="UTF-8"?>
<!-- Generated by org.testng.reporters.JUnitReportReporter -->
<testsuite hostname="dans-asus" failures="0" tests="6" name="workingwithtestng.MultipleAnnotations_PriorityAttribute" time="0.010" errors="0" timestamp="2024-06-04T14:47:03 IST" skipped="2">
  <testcase classname="workingwithtestng.MultipleAnnotations_PriorityAttribute" name="logout" time="0.007"/>
  <system-out/>
  <testcase classname="workingwithtestng.MultipleAnnotations_PriorityAttribute" name="register" time="0.001"/>
  <system-out/>
  <testcase classname="workingwithtestng.MultipleAnnotations_PriorityAttribute" name="login" time="0.001"/>
  <system-out/>
  <testcase classname="workingwithtestng.MultipleAnnotations_PriorityAttribute" name="search" time="0.001"/>
  <system-out/>
  <testcase classname="workingwithtestng.MultipleAnnotations_PriorityAttribute" name="placeOrder">
    <skipped/>
  </testcase> <!-- placeOrder -->
  <system-out/>
  <testcase classname="workingwithtestng.MultipleAnnotations_PriorityAttribute" name="addToCart">
    <skipped/>
  </testcase> <!-- addToCart -->
  <system-out/>
</testsuite> <!-- workingwithtestng.MultipleAnnotations_PriorityAttribute -->
