<?xml version="1.0" encoding="UTF-8"?>
<!-- Generated by org.testng.reporters.JUnitReportReporter -->
<testsuite hostname="dans-asus" failures="0" tests="1" name="demowebshoptestcases.BookTestCase01_TestNG" time="4.843" errors="0" timestamp="2024-06-06T15:04:00 IST" skipped="0">
  <testcase classname="demowebshoptestcases.BookTestCase01_TestNG" name="booksTestCase01" time="4.843"/>
  <system-out/>
</testsuite> <!-- demowebshoptestcases.BookTestCase01_TestNG -->
