<?xml version="1.0" encoding="UTF-8"?>
<!-- Generated by org.testng.reporters.JUnitReportReporter -->
<testsuite hostname="dans-asus" failures="0" tests="5" name="workingwithtestng.MultipleTestAnnotation" time="0.015" errors="0" timestamp="2024-06-03T15:51:30 IST" skipped="0">
  <testcase classname="workingwithtestng.MultipleTestAnnotation" name="search" time="0.002"/>
  <system-out/>
  <testcase classname="workingwithtestng.MultipleTestAnnotation" name="register" time="0.001"/>
  <system-out/>
  <testcase classname="workingwithtestng.MultipleTestAnnotation" name="login" time="0.009"/>
  <system-out/>
  <testcase classname="workingwithtestng.MultipleTestAnnotation" name="placeOrder" time="0.001"/>
  <system-out/>
  <testcase classname="workingwithtestng.MultipleTestAnnotation" name="logout" time="0.002"/>
  <system-out/>
</testsuite> <!-- workingwithtestng.MultipleTestAnnotation -->
