<?xml version="1.0" encoding="UTF-8"?>
<!-- Generated by org.testng.reporters.JUnitReportReporter -->
<testsuite hostname="dans-asus" failures="0" tests="1" name="assertion_pack.ApparelTestCase_Assert" time="10.005" errors="0" timestamp="2024-06-07T15:24:15 IST" skipped="0">
  <testcase classname="assertion_pack.ApparelTestCase_Assert" name="apparelTestCase_Assert" time="10.005"/>
  <system-out>
    <![CDATA[Demo Web Shop. Login
Demo Web Shop
Search page displayed]]>
  </system-out>
</testsuite> <!-- assertion_pack.ApparelTestCase_Assert -->
