<?xml version="1.0" encoding="UTF-8"?>
<!-- Generated by org.testng.reporters.JUnitReportReporter -->
<testsuite hostname="dans-asus" failures="0" tests="1" name="assertion_pack.TestCase" time="5.830" errors="0" timestamp="2024-06-06T15:57:47 IST" skipped="0">
  <testcase classname="assertion_pack.TestCase" name="testCase" time="5.830"/>
  <system-out/>
</testsuite> <!-- assertion_pack.TestCase -->
