<?xml version="1.0" encoding="UTF-8"?>
<!-- Generated by org.testng.reporters.JUnitReportReporter -->
<testsuite hostname="dans-asus" failures="0" tests="1" name="workingwithpom.TestCase01_TestNG_BaseclassExtending" time="3.652" errors="0" timestamp="2024-06-05T15:39:56 IST" skipped="0">
  <testcase classname="workingwithpom.TestCase01_TestNG_BaseclassExtending" name="testCase01" time="3.652"/>
  <system-out/>
</testsuite> <!-- workingwithpom.TestCase01_TestNG_BaseclassExtending -->
