<?xml version="1.0" encoding="UTF-8"?>
<!-- Generated by org.testng.reporters.JUnitReportReporter -->
<testsuite hostname="dans-asus" failures="0" tests="1" name="assertion_pack.TestCase01_Assert" time="13.767" errors="0" timestamp="2024-06-07T15:24:15 IST" skipped="0">
  <testcase classname="assertion_pack.TestCase01_Assert" name="testCase01_Assert" time="13.767"/>
  <system-out>
    <![CDATA[Demo Web Shop. Login
Demo Web Shop
Demo Web Shop. Books]]>
  </system-out>
</testsuite> <!-- assertion_pack.TestCase01_Assert -->
