<?xml version="1.0" encoding="UTF-8"?>
<!-- Generated by org.testng.reporters.JUnitReportReporter -->
<testsuite hostname="dans-asus" failures="0" tests="3" name="workingwithtestng.InvocationAttribute" time="14.876" errors="0" timestamp="2024-06-04T15:30:52 IST" skipped="0">
  <testcase classname="workingwithtestng.InvocationAttribute" name="testCase" time="3.911"/>
  <system-out/>
  <testcase classname="workingwithtestng.InvocationAttribute" name="testCase" time="7.220"/>
  <system-out/>
  <testcase classname="workingwithtestng.InvocationAttribute" name="testCase" time="3.745"/>
  <system-out/>
</testsuite> <!-- workingwithtestng.InvocationAttribute -->
