<?xml version="1.0" encoding="UTF-8"?>
<!-- Generated by org.testng.reporters.JUnitReportReporter -->
<testsuite hostname="dans-asus" failures="0" tests="1" name="demowebshoptestcases.BooksTestCase02_TestNG" time="5.308" errors="0" timestamp="2024-06-06T18:32:16 IST" skipped="0">
  <testcase classname="demowebshoptestcases.BooksTestCase02_TestNG" name="booksTestCase02" time="5.308"/>
  <system-out/>
</testsuite> <!-- demowebshoptestcases.BooksTestCase02_TestNG -->
