<?xml version="1.0" encoding="UTF-8"?>
<!-- Generated by org.testng.reporters.JUnitReportReporter -->
<testsuite hostname="dans-asus" failures="0" tests="1" name="workingwithtestng.BooksTestScript_01" time="11.207" errors="0" timestamp="2024-06-03T23:45:00 IST" skipped="0">
  <testcase classname="workingwithtestng.BooksTestScript_01" name="booksTestScript01" time="11.207"/>
  <system-out/>
</testsuite> <!-- workingwithtestng.BooksTestScript_01 -->
