<?xml version="1.0" encoding="UTF-8"?>
<!-- Generated by org.testng.reporters.JUnitReportReporter -->
<testsuite hostname="dans-asus" failures="0" tests="2" name="workingwithtestng.ConfigureAnnotations_Ex" time="0.008" errors="0" timestamp="2024-06-05T16:28:11 IST" skipped="0">
  <testcase classname="workingwithtestng.ConfigureAnnotations_Ex" name="testCase02" time="0.007"/>
  <system-out/>
  <testcase classname="workingwithtestng.ConfigureAnnotations_Ex" name="testCase" time="0.001"/>
  <system-out/>
</testsuite> <!-- workingwithtestng.ConfigureAnnotations_Ex -->
