<?xml version="1.0" encoding="UTF-8"?>
<!-- Generated by org.testng.reporters.JUnitReportReporter -->
<testsuite hostname="dans-asus" failures="0" tests="1" name="workingwithtestng.TestAnnotation_Ex" time="0.012" errors="0" timestamp="2024-06-05T16:23:42 IST" skipped="0">
  <testcase classname="workingwithtestng.TestAnnotation_Ex" name="TestCase" time="0.012"/>
  <system-out/>
</testsuite> <!-- workingwithtestng.TestAnnotation_Ex -->
