<?xml version="1.0" encoding="UTF-8"?>
<!-- Generated by org.testng.reporters.JUnitReportReporter -->
<testsuite hostname="dans-asus" failures="0" tests="1" name="workingwithtestng.ApparelTestScript_01" time="9.907" errors="0" timestamp="2024-06-03T23:33:16 IST" skipped="0">
  <testcase classname="workingwithtestng.ApparelTestScript_01" name="apparelTestScript_01" time="9.907"/>
  <system-out/>
</testsuite> <!-- workingwithtestng.ApparelTestScript_01 -->
