<?xml version="1.0" encoding="UTF-8"?>
<!-- Generated by org.testng.reporters.JUnitReportReporter -->
<testsuite hostname="dans-asus" failures="0" tests="1" name="assertion_pack.TestCase02_Assert" time="11.070" errors="0" timestamp="2024-06-07T15:24:15 IST" skipped="0">
  <testcase classname="assertion_pack.TestCase02_Assert" name="testCase02_Assert" time="11.070"/>
  <system-out/>
</testsuite> <!-- assertion_pack.TestCase02_Assert -->
