<?xml version="1.0" encoding="UTF-8"?>
<!-- Generated by org.testng.reporters.JUnitReportReporter -->
<testsuite hostname="dans-asus" failures="0" tests="1" name="assertion_pack.TestCase_TrueAssertEx" time="5.743" errors="0" timestamp="2024-06-06T16:01:11 IST" skipped="0">
  <testcase classname="assertion_pack.TestCase_TrueAssertEx" name="testCase_trueAssertEx" time="5.743"/>
  <system-out/>
</testsuite> <!-- assertion_pack.TestCase_TrueAssertEx -->
