<?xml version="1.0" encoding="UTF-8"?>
<!-- Generated by org.testng.reporters.JUnitReportReporter -->
<testsuite hostname="dans-asus" failures="0" tests="1" name="demowebshoptestcases.ApparelTestCase_TestNG" time="3.539" errors="0" timestamp="2024-06-06T15:04:00 IST" skipped="0">
  <testcase classname="demowebshoptestcases.ApparelTestCase_TestNG" name="apparelTestCase_TestNG" time="3.539"/>
  <system-out/>
</testsuite> <!-- demowebshoptestcases.ApparelTestCase_TestNG -->
